2025-04-25 16:56:13,206 - __main__ - INFO - Starting database verification tests
2025-04-25 16:56:13,209 - db_verification - INFO - Using real database connection for verification
2025-04-25 16:56:13,214 - financial_app.tests.integration.data_layer_e2e.utils.reporting - INFO - Test reporting initialized. Report directory: D:\e backup\web development\plusEv\plusEV_code_base\plus_ev_code_base\live_trading_system\financial_app\tests\integration\data_layer_e2e\reports\20250425_165611
2025-04-25 16:56:13,215 - db_verification - INFO - Connecting to database: trading_db at localhost
2025-04-25 16:56:13,313 - db_verification - ERROR - Failed to connect to database: connection to server at "localhost" (::1), port 5432 failed: FATAL:  password authentication failed for user "test_user"

2025-04-25 16:56:13,321 - financial_app.tests.integration.data_layer_e2e.utils.reporting - INFO - Test 'Database Connection' completed with status: FAIL
2025-04-25 16:56:13,323 - financial_app.tests.integration.data_layer_e2e.utils.reporting - ERROR - Test 'Database Connection' error: Failed to connect to database: connection to server at "localhost" (::1), port 5432 failed: FATAL:  password authentication failed for user "test_user"

2025-04-25 16:56:13,323 - db_verification - WARNING - Database connection failed, falling back to mock database
2025-04-25 16:56:13,329 - financial_app.tests.integration.data_layer_e2e.utils.reporting - INFO - Test reporting initialized. Report directory: D:\e backup\web development\plusEv\plusEV_code_base\plus_ev_code_base\live_trading_system\financial_app\tests\integration\data_layer_e2e\reports\20250425_165611
2025-04-25 16:56:13,330 - db_verification - INFO - Mock database initialized with data for symbols: AAPL, MSFT, BTC/USD
2025-04-25 16:56:13,331 - db_verification - INFO - Connecting to mock database
2025-04-25 16:56:13,337 - financial_app.tests.integration.data_layer_e2e.utils.reporting - INFO - Test 'Database Connection' completed with status: PASS
2025-04-25 16:56:13,338 - db_verification - INFO - Starting verification for AAPL
2025-04-25 16:56:13,338 - db_verification - INFO - Mock verification of data insertion for AAPL
2025-04-25 16:56:13,338 - db_verification - ERROR - Error in mock data insertion verification for AAPL: TestReporter.record_test_result() got multiple values for argument 'details'
2025-04-25 16:56:13,343 - financial_app.tests.integration.data_layer_e2e.utils.reporting - INFO - Test 'Data Insertion - AAPL' completed with status: FAIL
2025-04-25 16:56:13,343 - db_verification - INFO - Mock verification of timestamp processing for AAPL
2025-04-25 16:56:13,352 - financial_app.tests.integration.data_layer_e2e.utils.reporting - INFO - Test 'Timestamp Processing - AAPL' completed with status: PASS
2025-04-25 16:56:13,353 - db_verification - INFO - Mock query performance test for AAPL
2025-04-25 16:56:13,354 - db_verification - INFO - Mock query: Simple time range - 0.05s for 100 rows
2025-04-25 16:56:13,356 - db_verification - INFO - Mock query: Daily aggregation - 0.12s for 7 rows
2025-04-25 16:56:13,356 - db_verification - INFO - Mock query: Join query - 0.18s for 100 rows
2025-04-25 16:56:13,366 - financial_app.tests.integration.data_layer_e2e.utils.reporting - INFO - Test 'Query Performance - AAPL' completed with status: PASS
2025-04-25 16:56:13,369 - db_verification - INFO - Mock data integrity validation for AAPL
2025-04-25 16:56:13,376 - financial_app.tests.integration.data_layer_e2e.utils.reporting - INFO - Test 'Data Integrity - AAPL' completed with status: PASS
2025-04-25 16:56:13,378 - db_verification - INFO - Completed verification for AAPL
2025-04-25 16:56:13,379 - db_verification - INFO - Starting verification for MSFT
2025-04-25 16:56:13,379 - db_verification - INFO - Mock verification of data insertion for MSFT
2025-04-25 16:56:13,379 - db_verification - ERROR - Error in mock data insertion verification for MSFT: TestReporter.record_test_result() got multiple values for argument 'details'
2025-04-25 16:56:13,385 - financial_app.tests.integration.data_layer_e2e.utils.reporting - INFO - Test 'Data Insertion - MSFT' completed with status: FAIL
2025-04-25 16:56:13,386 - db_verification - INFO - Mock verification of timestamp processing for MSFT
2025-04-25 16:56:13,398 - financial_app.tests.integration.data_layer_e2e.utils.reporting - INFO - Test 'Timestamp Processing - MSFT' completed with status: PASS
2025-04-25 16:56:13,398 - db_verification - INFO - Mock query performance test for MSFT
2025-04-25 16:56:13,400 - db_verification - INFO - Mock query: Simple time range - 0.05s for 100 rows
2025-04-25 16:56:13,400 - db_verification - INFO - Mock query: Daily aggregation - 0.12s for 7 rows
2025-04-25 16:56:13,402 - db_verification - INFO - Mock query: Join query - 0.18s for 100 rows
2025-04-25 16:56:13,409 - financial_app.tests.integration.data_layer_e2e.utils.reporting - INFO - Test 'Query Performance - MSFT' completed with status: PASS
2025-04-25 16:56:13,410 - db_verification - INFO - Mock data integrity validation for MSFT
2025-04-25 16:56:13,414 - financial_app.tests.integration.data_layer_e2e.utils.reporting - INFO - Test 'Data Integrity - MSFT' completed with status: PASS
2025-04-25 16:56:13,414 - db_verification - INFO - Completed verification for MSFT
2025-04-25 16:56:13,414 - db_verification - INFO - Starting verification for BTC/USD
2025-04-25 16:56:13,414 - db_verification - INFO - Mock verification of data insertion for BTC/USD
2025-04-25 16:56:13,420 - db_verification - ERROR - Error in mock data insertion verification for BTC/USD: TestReporter.record_test_result() got multiple values for argument 'details'
2025-04-25 16:56:13,425 - financial_app.tests.integration.data_layer_e2e.utils.reporting - INFO - Test 'Data Insertion - BTC/USD' completed with status: FAIL
2025-04-25 16:56:13,425 - db_verification - INFO - Mock verification of timestamp processing for BTC/USD
2025-04-25 16:56:13,436 - financial_app.tests.integration.data_layer_e2e.utils.reporting - INFO - Test 'Timestamp Processing - BTC/USD' completed with status: PASS
2025-04-25 16:56:13,436 - db_verification - INFO - Mock query performance test for BTC/USD
2025-04-25 16:56:13,443 - db_verification - INFO - Mock query: Simple time range - 0.05s for 100 rows
2025-04-25 16:56:13,443 - db_verification - INFO - Mock query: Daily aggregation - 0.12s for 7 rows
2025-04-25 16:56:13,443 - db_verification - INFO - Mock query: Join query - 0.18s for 100 rows
2025-04-25 16:56:13,449 - financial_app.tests.integration.data_layer_e2e.utils.reporting - INFO - Test 'Query Performance - BTC/USD' completed with status: PASS
2025-04-25 16:56:13,454 - db_verification - INFO - Mock data integrity validation for BTC/USD
2025-04-25 16:56:13,460 - financial_app.tests.integration.data_layer_e2e.utils.reporting - INFO - Test 'Data Integrity - BTC/USD' completed with status: PASS
2025-04-25 16:56:13,463 - db_verification - INFO - Completed verification for BTC/USD
2025-04-25 16:56:13,469 - financial_app.tests.integration.data_layer_e2e.utils.reporting - INFO - Test report finalized with overall status: FAIL
2025-04-25 16:56:13,471 - financial_app.tests.integration.data_layer_e2e.utils.reporting - INFO - Report available at: D:\e backup\web development\plusEv\plusEV_code_base\plus_ev_code_base\live_trading_system\financial_app\tests\integration\data_layer_e2e\reports\20250425_165611
2025-04-25 16:56:13,472 - db_verification - INFO - Database verification completed successfully
2025-04-25 16:56:13,473 - db_verification - INFO - Mock database connection closed
2025-04-25 16:56:13,473 - __main__ - INFO - Database verification completed successfully
