2025-04-25 21:51:08,885 - __main__ - INFO - Starting database verification tests
2025-04-25 21:51:08,900 - db_verification - INFO - Using real database connection for verification
2025-04-25 21:51:08,900 - financial_app.tests.integration.data_layer_e2e.utils.reporting - INFO - Test reporting initialized. Report directory: D:\e backup\web development\plusEv\plusEV_code_base\plus_ev_code_base\live_trading_system\financial_app\tests\integration\data_layer_e2e\reports\20250425_215106
2025-04-25 21:51:08,900 - db_verification - INFO - Connecting to database: trading_db at localhost
2025-04-25 21:51:09,174 - db_verification - ERROR - Failed to connect to database: connection to server at "localhost" (::1), port 5432 failed: FATAL:  password authentication failed for user "test_user"

2025-04-25 21:51:09,182 - financial_app.tests.integration.data_layer_e2e.utils.reporting - INFO - Test 'Database Connection' completed with status: FAIL
2025-04-25 21:51:09,183 - financial_app.tests.integration.data_layer_e2e.utils.reporting - ERROR - Test 'Database Connection' error: Failed to connect to database: connection to server at "localhost" (::1), port 5432 failed: FATAL:  password authentication failed for user "test_user"

2025-04-25 21:51:09,184 - db_verification - WARNING - Database connection failed, falling back to mock database
2025-04-25 21:51:09,194 - financial_app.tests.integration.data_layer_e2e.utils.reporting - INFO - Test reporting initialized. Report directory: D:\e backup\web development\plusEv\plusEV_code_base\plus_ev_code_base\live_trading_system\financial_app\tests\integration\data_layer_e2e\reports\20250425_215106
2025-04-25 21:51:09,195 - db_verification - INFO - Mock database initialized with data for symbols: AAPL, MSFT, BTC/USD
2025-04-25 21:51:09,196 - db_verification - INFO - Connecting to mock database
2025-04-25 21:51:09,203 - financial_app.tests.integration.data_layer_e2e.utils.reporting - INFO - Test 'Database Connection' completed with status: PASS
2025-04-25 21:51:09,204 - db_verification - INFO - Starting verification for AAPL
2025-04-25 21:51:09,205 - db_verification - INFO - Mock verification of data insertion for AAPL
2025-04-25 21:51:09,206 - db_verification - ERROR - Error in mock data insertion verification for AAPL: TestReporter.record_test_result() got multiple values for argument 'details'
2025-04-25 21:51:09,213 - financial_app.tests.integration.data_layer_e2e.utils.reporting - INFO - Test 'Data Insertion - AAPL' completed with status: FAIL
2025-04-25 21:51:09,214 - db_verification - INFO - Mock verification of timestamp processing for AAPL
2025-04-25 21:51:09,220 - financial_app.tests.integration.data_layer_e2e.utils.reporting - INFO - Test 'Timestamp Processing - AAPL' completed with status: PASS
2025-04-25 21:51:09,221 - db_verification - INFO - Mock query performance test for AAPL
2025-04-25 21:51:09,222 - db_verification - INFO - Mock query: Simple time range - 0.05s for 100 rows
2025-04-25 21:51:09,223 - db_verification - INFO - Mock query: Daily aggregation - 0.12s for 7 rows
2025-04-25 21:51:09,224 - db_verification - INFO - Mock query: Join query - 0.18s for 100 rows
2025-04-25 21:51:09,233 - financial_app.tests.integration.data_layer_e2e.utils.reporting - INFO - Test 'Query Performance - AAPL' completed with status: PASS
2025-04-25 21:51:09,234 - db_verification - INFO - Mock data integrity validation for AAPL
2025-04-25 21:51:09,239 - financial_app.tests.integration.data_layer_e2e.utils.reporting - INFO - Test 'Data Integrity - AAPL' completed with status: PASS
2025-04-25 21:51:09,245 - db_verification - INFO - Completed verification for AAPL
2025-04-25 21:51:09,246 - db_verification - INFO - Starting verification for MSFT
2025-04-25 21:51:09,247 - db_verification - INFO - Mock verification of data insertion for MSFT
2025-04-25 21:51:09,247 - db_verification - ERROR - Error in mock data insertion verification for MSFT: TestReporter.record_test_result() got multiple values for argument 'details'
2025-04-25 21:51:09,261 - financial_app.tests.integration.data_layer_e2e.utils.reporting - INFO - Test 'Data Insertion - MSFT' completed with status: FAIL
2025-04-25 21:51:09,261 - db_verification - INFO - Mock verification of timestamp processing for MSFT
2025-04-25 21:51:09,261 - financial_app.tests.integration.data_layer_e2e.utils.reporting - INFO - Test 'Timestamp Processing - MSFT' completed with status: PASS
2025-04-25 21:51:09,261 - db_verification - INFO - Mock query performance test for MSFT
2025-04-25 21:51:09,261 - db_verification - INFO - Mock query: Simple time range - 0.05s for 100 rows
2025-04-25 21:51:09,261 - db_verification - INFO - Mock query: Daily aggregation - 0.12s for 7 rows
2025-04-25 21:51:09,261 - db_verification - INFO - Mock query: Join query - 0.18s for 100 rows
2025-04-25 21:51:09,276 - financial_app.tests.integration.data_layer_e2e.utils.reporting - INFO - Test 'Query Performance - MSFT' completed with status: PASS
2025-04-25 21:51:09,276 - db_verification - INFO - Mock data integrity validation for MSFT
2025-04-25 21:51:09,291 - financial_app.tests.integration.data_layer_e2e.utils.reporting - INFO - Test 'Data Integrity - MSFT' completed with status: PASS
2025-04-25 21:51:09,292 - db_verification - INFO - Completed verification for MSFT
2025-04-25 21:51:09,293 - db_verification - INFO - Starting verification for BTC/USD
2025-04-25 21:51:09,293 - db_verification - INFO - Mock verification of data insertion for BTC/USD
2025-04-25 21:51:09,296 - db_verification - ERROR - Error in mock data insertion verification for BTC/USD: TestReporter.record_test_result() got multiple values for argument 'details'
2025-04-25 21:51:09,306 - financial_app.tests.integration.data_layer_e2e.utils.reporting - INFO - Test 'Data Insertion - BTC/USD' completed with status: FAIL
2025-04-25 21:51:09,307 - db_verification - INFO - Mock verification of timestamp processing for BTC/USD
2025-04-25 21:51:09,315 - financial_app.tests.integration.data_layer_e2e.utils.reporting - INFO - Test 'Timestamp Processing - BTC/USD' completed with status: PASS
2025-04-25 21:51:09,316 - db_verification - INFO - Mock query performance test for BTC/USD
2025-04-25 21:51:09,318 - db_verification - INFO - Mock query: Simple time range - 0.05s for 100 rows
2025-04-25 21:51:09,320 - db_verification - INFO - Mock query: Daily aggregation - 0.12s for 7 rows
2025-04-25 21:51:09,323 - db_verification - INFO - Mock query: Join query - 0.18s for 100 rows
2025-04-25 21:51:09,327 - financial_app.tests.integration.data_layer_e2e.utils.reporting - INFO - Test 'Query Performance - BTC/USD' completed with status: PASS
2025-04-25 21:51:09,327 - db_verification - INFO - Mock data integrity validation for BTC/USD
2025-04-25 21:51:09,350 - financial_app.tests.integration.data_layer_e2e.utils.reporting - INFO - Test 'Data Integrity - BTC/USD' completed with status: PASS
2025-04-25 21:51:09,350 - db_verification - INFO - Completed verification for BTC/USD
2025-04-25 21:51:09,354 - financial_app.tests.integration.data_layer_e2e.utils.reporting - INFO - Test report finalized with overall status: FAIL
2025-04-25 21:51:09,354 - financial_app.tests.integration.data_layer_e2e.utils.reporting - INFO - Report available at: D:\e backup\web development\plusEv\plusEV_code_base\plus_ev_code_base\live_trading_system\financial_app\tests\integration\data_layer_e2e\reports\20250425_215106
2025-04-25 21:51:09,354 - db_verification - INFO - Database verification completed successfully
2025-04-25 21:51:09,354 - db_verification - INFO - Mock database connection closed
2025-04-25 21:51:09,354 - __main__ - INFO - Database verification completed successfully
