2025-04-25 21:59:50,751 - __main__ - INFO - Starting database verification tests
2025-04-25 21:59:50,762 - db_verification - INFO - Using real database connection for verification
2025-04-25 21:59:50,778 - financial_app.tests.integration.data_layer_e2e.utils.reporting - INFO - Test reporting initialized. Report directory: D:\e backup\web development\plusEv\plusEV_code_base\plus_ev_code_base\live_trading_system\financial_app\tests\integration\data_layer_e2e\reports\20250425_215946
2025-04-25 21:59:50,782 - db_verification - INFO - Connecting to database: trading_db at localhost
2025-04-25 21:59:51,098 - db_verification - ERROR - Failed to connect to database: connection to server at "localhost" (::1), port 5432 failed: FATAL:  password authentication failed for user "test_user"

2025-04-25 21:59:51,110 - financial_app.tests.integration.data_layer_e2e.utils.reporting - INFO - Test 'Database Connection' completed with status: FAIL
2025-04-25 21:59:51,114 - financial_app.tests.integration.data_layer_e2e.utils.reporting - ERROR - Test 'Database Connection' error: Failed to connect to database: connection to server at "localhost" (::1), port 5432 failed: FATAL:  password authentication failed for user "test_user"

2025-04-25 21:59:51,115 - db_verification - WARNING - Database connection failed, falling back to mock database
2025-04-25 21:59:51,128 - financial_app.tests.integration.data_layer_e2e.utils.reporting - INFO - Test reporting initialized. Report directory: D:\e backup\web development\plusEv\plusEV_code_base\plus_ev_code_base\live_trading_system\financial_app\tests\integration\data_layer_e2e\reports\20250425_215946
2025-04-25 21:59:51,130 - db_verification - INFO - Mock database initialized with data for symbols: AAPL, MSFT, BTC/USD
2025-04-25 21:59:51,132 - db_verification - INFO - Connecting to mock database
2025-04-25 21:59:51,141 - financial_app.tests.integration.data_layer_e2e.utils.reporting - INFO - Test 'Database Connection' completed with status: PASS
2025-04-25 21:59:51,143 - db_verification - INFO - Starting verification for AAPL
2025-04-25 21:59:51,150 - db_verification - INFO - Mock verification of data insertion for AAPL
2025-04-25 21:59:51,159 - financial_app.tests.integration.data_layer_e2e.utils.reporting - INFO - Test 'Data Insertion - AAPL' completed with status: PASS
2025-04-25 21:59:51,159 - financial_app.tests.integration.data_layer_e2e.utils.reporting - ERROR - Test 'Data Insertion - AAPL' error: {'symbol': 'AAPL', 'hours_checked': 24, 'ohlcv_count': 30, 'ticks_count': 150, 'time_cutoff': '2025-04-24T21:59:51.150476'}
2025-04-25 21:59:51,168 - db_verification - INFO - Mock verification of timestamp processing for AAPL
2025-04-25 21:59:51,183 - financial_app.tests.integration.data_layer_e2e.utils.reporting - INFO - Test 'Timestamp Processing - AAPL' completed with status: PASS
2025-04-25 21:59:51,197 - db_verification - INFO - Mock query performance test for AAPL
2025-04-25 21:59:51,199 - db_verification - INFO - Mock query: Simple time range - 0.05s for 100 rows
2025-04-25 21:59:51,201 - db_verification - INFO - Mock query: Daily aggregation - 0.12s for 7 rows
2025-04-25 21:59:51,201 - db_verification - INFO - Mock query: Join query - 0.18s for 100 rows
2025-04-25 21:59:51,216 - financial_app.tests.integration.data_layer_e2e.utils.reporting - INFO - Test 'Query Performance - AAPL' completed with status: PASS
2025-04-25 21:59:51,218 - db_verification - INFO - Mock data integrity validation for AAPL
2025-04-25 21:59:51,237 - financial_app.tests.integration.data_layer_e2e.utils.reporting - INFO - Test 'Data Integrity - AAPL' completed with status: PASS
2025-04-25 21:59:51,238 - db_verification - INFO - Completed verification for AAPL
2025-04-25 21:59:51,243 - db_verification - INFO - Starting verification for MSFT
2025-04-25 21:59:51,247 - db_verification - INFO - Mock verification of data insertion for MSFT
2025-04-25 21:59:51,268 - financial_app.tests.integration.data_layer_e2e.utils.reporting - INFO - Test 'Data Insertion - MSFT' completed with status: PASS
2025-04-25 21:59:51,273 - financial_app.tests.integration.data_layer_e2e.utils.reporting - ERROR - Test 'Data Insertion - MSFT' error: {'symbol': 'MSFT', 'hours_checked': 24, 'ohlcv_count': 30, 'ticks_count': 150, 'time_cutoff': '2025-04-24T21:59:51.248707'}
2025-04-25 21:59:51,273 - db_verification - INFO - Mock verification of timestamp processing for MSFT
2025-04-25 21:59:51,294 - financial_app.tests.integration.data_layer_e2e.utils.reporting - INFO - Test 'Timestamp Processing - MSFT' completed with status: PASS
2025-04-25 21:59:51,294 - db_verification - INFO - Mock query performance test for MSFT
2025-04-25 21:59:51,313 - db_verification - INFO - Mock query: Simple time range - 0.05s for 100 rows
2025-04-25 21:59:51,314 - db_verification - INFO - Mock query: Daily aggregation - 0.12s for 7 rows
2025-04-25 21:59:51,314 - db_verification - INFO - Mock query: Join query - 0.18s for 100 rows
2025-04-25 21:59:51,335 - financial_app.tests.integration.data_layer_e2e.utils.reporting - INFO - Test 'Query Performance - MSFT' completed with status: PASS
2025-04-25 21:59:51,337 - db_verification - INFO - Mock data integrity validation for MSFT
2025-04-25 21:59:51,360 - financial_app.tests.integration.data_layer_e2e.utils.reporting - INFO - Test 'Data Integrity - MSFT' completed with status: PASS
2025-04-25 21:59:51,362 - db_verification - INFO - Completed verification for MSFT
2025-04-25 21:59:51,365 - db_verification - INFO - Starting verification for BTC/USD
2025-04-25 21:59:51,366 - db_verification - INFO - Mock verification of data insertion for BTC/USD
2025-04-25 21:59:51,384 - financial_app.tests.integration.data_layer_e2e.utils.reporting - INFO - Test 'Data Insertion - BTC/USD' completed with status: PASS
2025-04-25 21:59:51,385 - financial_app.tests.integration.data_layer_e2e.utils.reporting - ERROR - Test 'Data Insertion - BTC/USD' error: {'symbol': 'BTC/USD', 'hours_checked': 24, 'ohlcv_count': 30, 'ticks_count': 150, 'time_cutoff': '2025-04-24T21:59:51.367470'}
2025-04-25 21:59:51,386 - db_verification - INFO - Mock verification of timestamp processing for BTC/USD
2025-04-25 21:59:51,403 - financial_app.tests.integration.data_layer_e2e.utils.reporting - INFO - Test 'Timestamp Processing - BTC/USD' completed with status: PASS
2025-04-25 21:59:51,406 - db_verification - INFO - Mock query performance test for BTC/USD
2025-04-25 21:59:51,414 - db_verification - INFO - Mock query: Simple time range - 0.05s for 100 rows
2025-04-25 21:59:51,415 - db_verification - INFO - Mock query: Daily aggregation - 0.12s for 7 rows
2025-04-25 21:59:51,430 - db_verification - INFO - Mock query: Join query - 0.18s for 100 rows
2025-04-25 21:59:51,463 - financial_app.tests.integration.data_layer_e2e.utils.reporting - INFO - Test 'Query Performance - BTC/USD' completed with status: PASS
2025-04-25 21:59:51,465 - db_verification - INFO - Mock data integrity validation for BTC/USD
2025-04-25 21:59:51,499 - financial_app.tests.integration.data_layer_e2e.utils.reporting - INFO - Test 'Data Integrity - BTC/USD' completed with status: PASS
2025-04-25 21:59:51,501 - db_verification - INFO - Completed verification for BTC/USD
2025-04-25 21:59:51,543 - financial_app.tests.integration.data_layer_e2e.utils.reporting - INFO - Test report finalized with overall status: PASS
2025-04-25 21:59:51,558 - financial_app.tests.integration.data_layer_e2e.utils.reporting - INFO - Report available at: D:\e backup\web development\plusEv\plusEV_code_base\plus_ev_code_base\live_trading_system\financial_app\tests\integration\data_layer_e2e\reports\20250425_215946
2025-04-25 21:59:51,560 - db_verification - INFO - Database verification completed successfully
2025-04-25 21:59:51,562 - db_verification - INFO - Mock database connection closed
2025-04-25 21:59:51,572 - __main__ - INFO - Database verification completed successfully
