2025-05-16 12:25:03,840 - db_verification - INFO - Using real database connection for verification
2025-05-16 12:25:03,844 - financial_app.tests.integration.data_layer_e2e.utils.reporting - INFO - Test reporting initialized. Report directory: D:\e backup\web development\plusEv\plusEV_code_base\plus_ev_code_base\live_trading_system\financial_app\tests\integration\data_layer_e2e\reports\20250516_122502
2025-05-16 12:25:03,844 - db_verification - INFO - Connecting to database: trading_db at localhost
2025-05-16 12:25:03,935 - db_verification - ERROR - Failed to connect to database: connection to server at "localhost" (::1), port 5432 failed: FATAL:  password authentication failed for user "test_user"

2025-05-16 12:25:03,939 - financial_app.tests.integration.data_layer_e2e.utils.reporting - INFO - Test 'Database Connection' completed with status: FAIL
2025-05-16 12:25:03,939 - financial_app.tests.integration.data_layer_e2e.utils.reporting - ERROR - Test 'Database Connection' error: Failed to connect to database: connection to server at "localhost" (::1), port 5432 failed: FATAL:  password authentication failed for user "test_user"

2025-05-16 12:25:03,939 - db_verification - WARNING - Database connection failed, falling back to mock database
2025-05-16 12:25:03,939 - financial_app.tests.integration.data_layer_e2e.utils.reporting - INFO - Test reporting initialized. Report directory: D:\e backup\web development\plusEv\plusEV_code_base\plus_ev_code_base\live_trading_system\financial_app\tests\integration\data_layer_e2e\reports\20250516_122502
2025-05-16 12:25:03,939 - db_verification - INFO - Mock database initialized with data for symbols: AAPL, MSFT, BTC/USD
2025-05-16 12:25:03,939 - db_verification - INFO - Connecting to mock database
2025-05-16 12:25:03,949 - financial_app.tests.integration.data_layer_e2e.utils.reporting - INFO - Test 'Database Connection' completed with status: PASS
2025-05-16 12:25:03,949 - db_verification - INFO - Starting verification for AAPL
2025-05-16 12:25:03,949 - db_verification - INFO - Mock verification of data insertion for AAPL
2025-05-16 12:25:03,955 - financial_app.tests.integration.data_layer_e2e.utils.reporting - INFO - Test 'Data Insertion - AAPL' completed with status: PASS
2025-05-16 12:25:03,957 - financial_app.tests.integration.data_layer_e2e.utils.reporting - ERROR - Test 'Data Insertion - AAPL' error: {'symbol': 'AAPL', 'hours_checked': 24, 'ohlcv_count': 30, 'ticks_count': 150, 'time_cutoff': '2025-05-15T12:25:03.951436'}
2025-05-16 12:25:03,958 - db_verification - INFO - Mock verification of timestamp processing for AAPL
2025-05-16 12:25:03,962 - financial_app.tests.integration.data_layer_e2e.utils.reporting - INFO - Test 'Timestamp Processing - AAPL' completed with status: PASS
2025-05-16 12:25:03,963 - db_verification - INFO - Mock query performance test for AAPL
2025-05-16 12:25:03,963 - db_verification - INFO - Mock query: Simple time range - 0.05s for 100 rows
2025-05-16 12:25:03,964 - db_verification - INFO - Mock query: Daily aggregation - 0.12s for 7 rows
2025-05-16 12:25:03,964 - db_verification - INFO - Mock query: Join query - 0.18s for 100 rows
2025-05-16 12:25:03,972 - financial_app.tests.integration.data_layer_e2e.utils.reporting - INFO - Test 'Query Performance - AAPL' completed with status: PASS
2025-05-16 12:25:03,973 - db_verification - INFO - Mock data integrity validation for AAPL
2025-05-16 12:25:03,979 - financial_app.tests.integration.data_layer_e2e.utils.reporting - INFO - Test 'Data Integrity - AAPL' completed with status: PASS
2025-05-16 12:25:03,979 - db_verification - INFO - Completed verification for AAPL
2025-05-16 12:25:03,979 - db_verification - INFO - Starting verification for MSFT
2025-05-16 12:25:03,979 - db_verification - INFO - Mock verification of data insertion for MSFT
2025-05-16 12:25:03,989 - financial_app.tests.integration.data_layer_e2e.utils.reporting - INFO - Test 'Data Insertion - MSFT' completed with status: PASS
2025-05-16 12:25:03,989 - financial_app.tests.integration.data_layer_e2e.utils.reporting - ERROR - Test 'Data Insertion - MSFT' error: {'symbol': 'MSFT', 'hours_checked': 24, 'ohlcv_count': 30, 'ticks_count': 150, 'time_cutoff': '2025-05-15T12:25:03.979232'}
2025-05-16 12:25:03,989 - db_verification - INFO - Mock verification of timestamp processing for MSFT
2025-05-16 12:25:03,989 - financial_app.tests.integration.data_layer_e2e.utils.reporting - INFO - Test 'Timestamp Processing - MSFT' completed with status: PASS
2025-05-16 12:25:03,998 - db_verification - INFO - Mock query performance test for MSFT
2025-05-16 12:25:03,999 - db_verification - INFO - Mock query: Simple time range - 0.05s for 100 rows
2025-05-16 12:25:04,000 - db_verification - INFO - Mock query: Daily aggregation - 0.12s for 7 rows
2025-05-16 12:25:04,001 - db_verification - INFO - Mock query: Join query - 0.18s for 100 rows
2025-05-16 12:25:04,011 - financial_app.tests.integration.data_layer_e2e.utils.reporting - INFO - Test 'Query Performance - MSFT' completed with status: PASS
2025-05-16 12:25:04,012 - db_verification - INFO - Mock data integrity validation for MSFT
2025-05-16 12:25:04,018 - financial_app.tests.integration.data_layer_e2e.utils.reporting - INFO - Test 'Data Integrity - MSFT' completed with status: PASS
2025-05-16 12:25:04,018 - db_verification - INFO - Completed verification for MSFT
2025-05-16 12:25:04,018 - db_verification - INFO - Starting verification for BTC/USD
2025-05-16 12:25:04,018 - db_verification - INFO - Mock verification of data insertion for BTC/USD
2025-05-16 12:25:04,024 - financial_app.tests.integration.data_layer_e2e.utils.reporting - INFO - Test 'Data Insertion - BTC/USD' completed with status: PASS
2025-05-16 12:25:04,026 - financial_app.tests.integration.data_layer_e2e.utils.reporting - ERROR - Test 'Data Insertion - BTC/USD' error: {'symbol': 'BTC/USD', 'hours_checked': 24, 'ohlcv_count': 30, 'ticks_count': 150, 'time_cutoff': '2025-05-15T12:25:04.018983'}
2025-05-16 12:25:04,026 - db_verification - INFO - Mock verification of timestamp processing for BTC/USD
2025-05-16 12:25:04,033 - financial_app.tests.integration.data_layer_e2e.utils.reporting - INFO - Test 'Timestamp Processing - BTC/USD' completed with status: PASS
2025-05-16 12:25:04,033 - db_verification - INFO - Mock query performance test for BTC/USD
2025-05-16 12:25:04,033 - db_verification - INFO - Mock query: Simple time range - 0.05s for 100 rows
2025-05-16 12:25:04,033 - db_verification - INFO - Mock query: Daily aggregation - 0.12s for 7 rows
2025-05-16 12:25:04,033 - db_verification - INFO - Mock query: Join query - 0.18s for 100 rows
2025-05-16 12:25:04,039 - financial_app.tests.integration.data_layer_e2e.utils.reporting - INFO - Test 'Query Performance - BTC/USD' completed with status: PASS
2025-05-16 12:25:04,039 - db_verification - INFO - Mock data integrity validation for BTC/USD
2025-05-16 12:25:04,048 - financial_app.tests.integration.data_layer_e2e.utils.reporting - INFO - Test 'Data Integrity - BTC/USD' completed with status: PASS
2025-05-16 12:25:04,048 - db_verification - INFO - Completed verification for BTC/USD
2025-05-16 12:25:04,055 - financial_app.tests.integration.data_layer_e2e.utils.reporting - INFO - Test report finalized with overall status: PASS
2025-05-16 12:25:04,055 - financial_app.tests.integration.data_layer_e2e.utils.reporting - INFO - Report available at: D:\e backup\web development\plusEv\plusEV_code_base\plus_ev_code_base\live_trading_system\financial_app\tests\integration\data_layer_e2e\reports\20250516_122502
2025-05-16 12:25:04,059 - db_verification - INFO - Database verification completed successfully
2025-05-16 12:25:04,059 - db_verification - INFO - Mock database connection closed
