2025-04-25 21:42:35,734 - __main__ - INFO - Starting database verification tests
2025-04-25 21:42:35,750 - db_verification - INFO - Using real database connection for verification
2025-04-25 21:42:35,750 - financial_app.tests.integration.data_layer_e2e.utils.reporting - INFO - Test reporting initialized. Report directory: D:\e backup\web development\plusEv\plusEV_code_base\plus_ev_code_base\live_trading_system\financial_app\tests\integration\data_layer_e2e\reports\20250425_214233
2025-04-25 21:42:35,750 - db_verification - INFO - Connecting to database: trading_db at localhost
2025-04-25 21:42:35,972 - db_verification - ERROR - Failed to connect to database: connection to server at "localhost" (::1), port 5432 failed: FATAL:  password authentication failed for user "test_user"

2025-04-25 21:42:35,978 - financial_app.tests.integration.data_layer_e2e.utils.reporting - INFO - Test 'Database Connection' completed with status: FAIL
2025-04-25 21:42:35,979 - financial_app.tests.integration.data_layer_e2e.utils.reporting - ERROR - Test 'Database Connection' error: Failed to connect to database: connection to server at "localhost" (::1), port 5432 failed: FATAL:  password authentication failed for user "test_user"

2025-04-25 21:42:35,980 - db_verification - WARNING - Database connection failed, falling back to mock database
2025-04-25 21:42:35,985 - financial_app.tests.integration.data_layer_e2e.utils.reporting - INFO - Test reporting initialized. Report directory: D:\e backup\web development\plusEv\plusEV_code_base\plus_ev_code_base\live_trading_system\financial_app\tests\integration\data_layer_e2e\reports\20250425_214233
2025-04-25 21:42:35,987 - db_verification - INFO - Mock database initialized with data for symbols: AAPL, MSFT, BTC/USD
2025-04-25 21:42:35,988 - db_verification - INFO - Connecting to mock database
2025-04-25 21:42:35,993 - financial_app.tests.integration.data_layer_e2e.utils.reporting - INFO - Test 'Database Connection' completed with status: PASS
2025-04-25 21:42:35,994 - db_verification - INFO - Starting verification for AAPL
2025-04-25 21:42:35,995 - db_verification - INFO - Mock verification of data insertion for AAPL
2025-04-25 21:42:35,996 - db_verification - ERROR - Error in mock data insertion verification for AAPL: TestReporter.record_test_result() got multiple values for argument 'details'
2025-04-25 21:42:36,004 - financial_app.tests.integration.data_layer_e2e.utils.reporting - INFO - Test 'Data Insertion - AAPL' completed with status: FAIL
2025-04-25 21:42:36,004 - db_verification - INFO - Mock verification of timestamp processing for AAPL
2025-04-25 21:42:36,017 - financial_app.tests.integration.data_layer_e2e.utils.reporting - INFO - Test 'Timestamp Processing - AAPL' completed with status: PASS
2025-04-25 21:42:36,018 - db_verification - INFO - Mock query performance test for AAPL
2025-04-25 21:42:36,019 - db_verification - INFO - Mock query: Simple time range - 0.05s for 100 rows
2025-04-25 21:42:36,020 - db_verification - INFO - Mock query: Daily aggregation - 0.12s for 7 rows
2025-04-25 21:42:36,020 - db_verification - INFO - Mock query: Join query - 0.18s for 100 rows
2025-04-25 21:42:36,026 - financial_app.tests.integration.data_layer_e2e.utils.reporting - INFO - Test 'Query Performance - AAPL' completed with status: PASS
2025-04-25 21:42:36,026 - db_verification - INFO - Mock data integrity validation for AAPL
2025-04-25 21:42:36,034 - financial_app.tests.integration.data_layer_e2e.utils.reporting - INFO - Test 'Data Integrity - AAPL' completed with status: PASS
2025-04-25 21:42:36,034 - db_verification - INFO - Completed verification for AAPL
2025-04-25 21:42:36,034 - db_verification - INFO - Starting verification for MSFT
2025-04-25 21:42:36,034 - db_verification - INFO - Mock verification of data insertion for MSFT
2025-04-25 21:42:36,034 - db_verification - ERROR - Error in mock data insertion verification for MSFT: TestReporter.record_test_result() got multiple values for argument 'details'
2025-04-25 21:42:36,047 - financial_app.tests.integration.data_layer_e2e.utils.reporting - INFO - Test 'Data Insertion - MSFT' completed with status: FAIL
2025-04-25 21:42:36,047 - db_verification - INFO - Mock verification of timestamp processing for MSFT
2025-04-25 21:42:36,056 - financial_app.tests.integration.data_layer_e2e.utils.reporting - INFO - Test 'Timestamp Processing - MSFT' completed with status: PASS
2025-04-25 21:42:36,057 - db_verification - INFO - Mock query performance test for MSFT
2025-04-25 21:42:36,059 - db_verification - INFO - Mock query: Simple time range - 0.05s for 100 rows
2025-04-25 21:42:36,060 - db_verification - INFO - Mock query: Daily aggregation - 0.12s for 7 rows
2025-04-25 21:42:36,061 - db_verification - INFO - Mock query: Join query - 0.18s for 100 rows
2025-04-25 21:42:36,069 - financial_app.tests.integration.data_layer_e2e.utils.reporting - INFO - Test 'Query Performance - MSFT' completed with status: PASS
2025-04-25 21:42:36,070 - db_verification - INFO - Mock data integrity validation for MSFT
2025-04-25 21:42:36,087 - financial_app.tests.integration.data_layer_e2e.utils.reporting - INFO - Test 'Data Integrity - MSFT' completed with status: PASS
2025-04-25 21:42:36,087 - db_verification - INFO - Completed verification for MSFT
2025-04-25 21:42:36,087 - db_verification - INFO - Starting verification for BTC/USD
2025-04-25 21:42:36,087 - db_verification - INFO - Mock verification of data insertion for BTC/USD
2025-04-25 21:42:36,087 - db_verification - ERROR - Error in mock data insertion verification for BTC/USD: TestReporter.record_test_result() got multiple values for argument 'details'
2025-04-25 21:42:36,098 - financial_app.tests.integration.data_layer_e2e.utils.reporting - INFO - Test 'Data Insertion - BTC/USD' completed with status: FAIL
2025-04-25 21:42:36,098 - db_verification - INFO - Mock verification of timestamp processing for BTC/USD
2025-04-25 21:42:36,113 - financial_app.tests.integration.data_layer_e2e.utils.reporting - INFO - Test 'Timestamp Processing - BTC/USD' completed with status: PASS
2025-04-25 21:42:36,113 - db_verification - INFO - Mock query performance test for BTC/USD
2025-04-25 21:42:36,113 - db_verification - INFO - Mock query: Simple time range - 0.05s for 100 rows
2025-04-25 21:42:36,113 - db_verification - INFO - Mock query: Daily aggregation - 0.12s for 7 rows
2025-04-25 21:42:36,113 - db_verification - INFO - Mock query: Join query - 0.18s for 100 rows
2025-04-25 21:42:36,127 - financial_app.tests.integration.data_layer_e2e.utils.reporting - INFO - Test 'Query Performance - BTC/USD' completed with status: PASS
2025-04-25 21:42:36,127 - db_verification - INFO - Mock data integrity validation for BTC/USD
2025-04-25 21:42:36,127 - financial_app.tests.integration.data_layer_e2e.utils.reporting - INFO - Test 'Data Integrity - BTC/USD' completed with status: PASS
2025-04-25 21:42:36,142 - db_verification - INFO - Completed verification for BTC/USD
2025-04-25 21:42:36,164 - financial_app.tests.integration.data_layer_e2e.utils.reporting - INFO - Test report finalized with overall status: FAIL
2025-04-25 21:42:36,164 - financial_app.tests.integration.data_layer_e2e.utils.reporting - INFO - Report available at: D:\e backup\web development\plusEv\plusEV_code_base\plus_ev_code_base\live_trading_system\financial_app\tests\integration\data_layer_e2e\reports\20250425_214233
2025-04-25 21:42:36,164 - db_verification - INFO - Database verification completed successfully
2025-04-25 21:42:36,164 - db_verification - INFO - Mock database connection closed
2025-04-25 21:42:36,164 - __main__ - INFO - Database verification completed successfully
